2024-11-21T07:59:50.311-05:00  INFO 6302 --- [backend-apps] [restartedMain] c.demo.proyecto.BackendAppsApplication   : Starting BackendAppsApplication using Java 21.0.4 with PID 6302 (/home/felipegr/Documentos/backend-apps/target/classes started by felipegr in /home/felipegr/Documentos/backend-apps)
2024-11-21T07:59:50.327-05:00  INFO 6302 --- [backend-apps] [restartedMain] c.demo.proyecto.BackendAppsApplication   : No active profile set, falling back to 1 default profile: "default"
2024-11-21T07:59:50.388-05:00  INFO 6302 --- [backend-apps] [restartedMain] .e.DevToolsPropertyDefaultsPostProcessor : Devtools property defaults active! Set 'spring.devtools.add-properties' to 'false' to disable
2024-11-21T07:59:50.389-05:00  INFO 6302 --- [backend-apps] [restartedMain] .e.DevToolsPropertyDefaultsPostProcessor : For additional web related logging consider setting the 'logging.level.web' property to 'DEBUG'
2024-11-21T07:59:51.615-05:00  INFO 6302 --- [backend-apps] [restartedMain] .s.d.r.c.RepositoryConfigurationDelegate : Bootstrapping Spring Data JPA repositories in DEFAULT mode.
2024-11-21T07:59:51.670-05:00  INFO 6302 --- [backend-apps] [restartedMain] .s.d.r.c.RepositoryConfigurationDelegate : Finished Spring Data repository scanning in 47 ms. Found 4 JPA repository interfaces.
2024-11-21T07:59:52.180-05:00  INFO 6302 --- [backend-apps] [restartedMain] o.s.b.w.embedded.tomcat.TomcatWebServer  : Tomcat initialized with port 8080 (http)
2024-11-21T07:59:52.191-05:00  INFO 6302 --- [backend-apps] [restartedMain] o.apache.catalina.core.StandardService   : Starting service [Tomcat]
2024-11-21T07:59:52.192-05:00  INFO 6302 --- [backend-apps] [restartedMain] o.apache.catalina.core.StandardEngine    : Starting Servlet engine: [Apache Tomcat/10.1.31]
2024-11-21T07:59:52.256-05:00  INFO 6302 --- [backend-apps] [restartedMain] o.a.c.c.C.[Tomcat].[localhost].[/]       : Initializing Spring embedded WebApplicationContext
2024-11-21T07:59:52.257-05:00  INFO 6302 --- [backend-apps] [restartedMain] w.s.c.ServletWebServerApplicationContext : Root WebApplicationContext: initialization completed in 1868 ms
2024-11-21T07:59:52.419-05:00  INFO 6302 --- [backend-apps] [restartedMain] o.hibernate.jpa.internal.util.LogHelper  : HHH000204: Processing PersistenceUnitInfo [name: default]
2024-11-21T07:59:52.466-05:00  INFO 6302 --- [backend-apps] [restartedMain] org.hibernate.Version                    : HHH000412: Hibernate ORM core version 6.5.3.Final
2024-11-21T07:59:52.492-05:00  INFO 6302 --- [backend-apps] [restartedMain] o.h.c.internal.RegionFactoryInitiator    : HHH000026: Second-level cache disabled
2024-11-21T07:59:52.742-05:00  INFO 6302 --- [backend-apps] [restartedMain] o.s.o.j.p.SpringPersistenceUnitInfo      : No LoadTimeWeaver setup: ignoring JPA class transformer
2024-11-21T07:59:52.774-05:00  INFO 6302 --- [backend-apps] [restartedMain] com.zaxxer.hikari.HikariDataSource       : HikariPool-1 - Starting...
2024-11-21T07:59:53.143-05:00  INFO 6302 --- [backend-apps] [restartedMain] com.zaxxer.hikari.pool.HikariPool        : HikariPool-1 - Added connection com.mysql.cj.jdbc.ConnectionImpl@b9e7e06
2024-11-21T07:59:53.146-05:00  INFO 6302 --- [backend-apps] [restartedMain] com.zaxxer.hikari.HikariDataSource       : HikariPool-1 - Start completed.
2024-11-21T07:59:53.194-05:00  WARN 6302 --- [backend-apps] [restartedMain] org.hibernate.orm.deprecation            : HHH90000025: MySQL8Dialect does not need to be specified explicitly using 'hibernate.dialect' (remove the property setting and it will be selected by default)
2024-11-21T07:59:53.195-05:00  WARN 6302 --- [backend-apps] [restartedMain] org.hibernate.orm.deprecation            : HHH90000026: MySQL8Dialect has been deprecated; use org.hibernate.dialect.MySQLDialect instead
2024-11-21T07:59:54.161-05:00  INFO 6302 --- [backend-apps] [restartedMain] o.h.e.t.j.p.i.JtaPlatformInitiator       : HHH000489: No JTA platform available (set 'hibernate.transaction.jta.platform' to enable JTA platform integration)
2024-11-21T07:59:54.254-05:00  INFO 6302 --- [backend-apps] [restartedMain] j.LocalContainerEntityManagerFactoryBean : Initialized JPA EntityManagerFactory for persistence unit 'default'
2024-11-21T07:59:54.766-05:00  WARN 6302 --- [backend-apps] [restartedMain] JpaBaseConfiguration$JpaWebConfiguration : spring.jpa.open-in-view is enabled by default. Therefore, database queries may be performed during view rendering. Explicitly configure spring.jpa.open-in-view to disable this warning
2024-11-21T07:59:55.360-05:00  INFO 6302 --- [backend-apps] [restartedMain] o.s.b.d.a.OptionalLiveReloadServer       : LiveReload server is running on port 35729
2024-11-21T07:59:55.391-05:00  INFO 6302 --- [backend-apps] [restartedMain] o.s.b.w.embedded.tomcat.TomcatWebServer  : Tomcat started on port 8080 (http) with context path '/'
2024-11-21T07:59:55.403-05:00  INFO 6302 --- [backend-apps] [restartedMain] c.demo.proyecto.BackendAppsApplication   : Started BackendAppsApplication in 5.634 seconds (process running for 6.299)
2024-11-21T08:01:27.981-05:00  INFO 6302 --- [backend-apps] [http-nio-8080-exec-1] o.a.c.c.C.[Tomcat].[localhost].[/]       : Initializing Spring DispatcherServlet 'dispatcherServlet'
2024-11-21T08:01:27.982-05:00  INFO 6302 --- [backend-apps] [http-nio-8080-exec-1] o.s.web.servlet.DispatcherServlet        : Initializing Servlet 'dispatcherServlet'
2024-11-21T08:01:27.984-05:00  INFO 6302 --- [backend-apps] [http-nio-8080-exec-1] o.s.web.servlet.DispatcherServlet        : Completed initialization in 2 ms
2024-11-21T08:01:28.149-05:00 DEBUG 6302 --- [backend-apps] [http-nio-8080-exec-1] org.hibernate.SQL                        : select p1_0.id,p1_0.direccion,p1_0.documento,p1_0.nombre,p1_0.nombre_usuario,p1_0.password,p1_0.telefono from propietarios p1_0
2024-11-21T08:01:28.278-05:00 DEBUG 6302 --- [backend-apps] [http-nio-8080-exec-1] org.hibernate.SQL                        : select m1_0.id_propietario,m1_0.id,m1_0.fecha_nacimiento,m1_0.nombre,m1_0.tipo from mascotas m1_0 where m1_0.id_propietario=?
2024-11-21T08:01:28.284-05:00 DEBUG 6302 --- [backend-apps] [http-nio-8080-exec-1] org.hibernate.SQL                        : select m1_0.id_propietario,m1_0.id,m1_0.fecha_nacimiento,m1_0.nombre,m1_0.tipo from mascotas m1_0 where m1_0.id_propietario=?
2024-11-21T08:01:28.287-05:00 DEBUG 6302 --- [backend-apps] [http-nio-8080-exec-1] org.hibernate.SQL                        : select m1_0.id_propietario,m1_0.id,m1_0.fecha_nacimiento,m1_0.nombre,m1_0.tipo from mascotas m1_0 where m1_0.id_propietario=?
2024-11-21T08:01:28.289-05:00 DEBUG 6302 --- [backend-apps] [http-nio-8080-exec-1] org.hibernate.SQL                        : select m1_0.id_propietario,m1_0.id,m1_0.fecha_nacimiento,m1_0.nombre,m1_0.tipo from mascotas m1_0 where m1_0.id_propietario=?
2024-11-21T08:05:45.327-05:00 DEBUG 6302 --- [backend-apps] [http-nio-8080-exec-5] org.hibernate.SQL                        : select p1_0.id,p1_0.direccion,p1_0.documento,p1_0.nombre,p1_0.nombre_usuario,p1_0.password,p1_0.telefono from propietarios p1_0
2024-11-21T08:05:45.332-05:00 DEBUG 6302 --- [backend-apps] [http-nio-8080-exec-5] org.hibernate.SQL                        : select m1_0.id_propietario,m1_0.id,m1_0.fecha_nacimiento,m1_0.nombre,m1_0.tipo from mascotas m1_0 where m1_0.id_propietario=?
2024-11-21T08:05:45.334-05:00 DEBUG 6302 --- [backend-apps] [http-nio-8080-exec-5] org.hibernate.SQL                        : select m1_0.id_propietario,m1_0.id,m1_0.fecha_nacimiento,m1_0.nombre,m1_0.tipo from mascotas m1_0 where m1_0.id_propietario=?
2024-11-21T08:05:45.336-05:00 DEBUG 6302 --- [backend-apps] [http-nio-8080-exec-5] org.hibernate.SQL                        : select m1_0.id_propietario,m1_0.id,m1_0.fecha_nacimiento,m1_0.nombre,m1_0.tipo from mascotas m1_0 where m1_0.id_propietario=?
2024-11-21T08:05:45.340-05:00 DEBUG 6302 --- [backend-apps] [http-nio-8080-exec-5] org.hibernate.SQL                        : select m1_0.id_propietario,m1_0.id,m1_0.fecha_nacimiento,m1_0.nombre,m1_0.tipo from mascotas m1_0 where m1_0.id_propietario=?
2024-11-21T08:13:20.607-05:00 DEBUG 6302 --- [backend-apps] [http-nio-8080-exec-10] org.hibernate.SQL                        : select p1_0.id from propietarios p1_0 where p1_0.documento=? limit ?
2024-11-21T08:13:20.618-05:00 DEBUG 6302 --- [backend-apps] [http-nio-8080-exec-10] org.hibernate.SQL                        : select p1_0.id from propietarios p1_0 where p1_0.nombre_usuario=? limit ?
2024-11-21T08:13:41.173-05:00 DEBUG 6302 --- [backend-apps] [http-nio-8080-exec-2] org.hibernate.SQL                        : select p1_0.id from propietarios p1_0 where p1_0.documento=? limit ?
2024-11-21T08:13:41.177-05:00 DEBUG 6302 --- [backend-apps] [http-nio-8080-exec-2] org.hibernate.SQL                        : select p1_0.id from propietarios p1_0 where p1_0.nombre_usuario=? limit ?
2024-11-21T08:13:41.209-05:00 DEBUG 6302 --- [backend-apps] [http-nio-8080-exec-2] org.hibernate.SQL                        : insert into propietarios (direccion,documento,nombre,nombre_usuario,password,telefono) values (?,?,?,?,?,?)
2024-11-21T08:16:18.818-05:00 DEBUG 6302 --- [backend-apps] [http-nio-8080-exec-5] org.hibernate.SQL                        : select p1_0.id from propietarios p1_0 where p1_0.documento=? limit ?
2024-11-21T08:16:18.822-05:00 DEBUG 6302 --- [backend-apps] [http-nio-8080-exec-5] org.hibernate.SQL                        : select p1_0.id from propietarios p1_0 where p1_0.nombre_usuario=? limit ?
2024-11-21T08:27:54.791-05:00 DEBUG 6302 --- [backend-apps] [http-nio-8080-exec-8] org.hibernate.SQL                        : select p1_0.id,p1_0.direccion,p1_0.documento,p1_0.nombre,p1_0.nombre_usuario,p1_0.password,p1_0.telefono from propietarios p1_0 where p1_0.documento=?
2024-11-21T08:27:54.796-05:00 DEBUG 6302 --- [backend-apps] [http-nio-8080-exec-8] org.hibernate.SQL                        : select m1_0.id_propietario,m1_0.id,m1_0.fecha_nacimiento,m1_0.nombre,m1_0.tipo from mascotas m1_0 where m1_0.id_propietario=?
2024-11-21T08:43:59.088-05:00 DEBUG 6302 --- [backend-apps] [http-nio-8080-exec-10] org.hibernate.SQL                        : select p1_0.id,p1_0.direccion,p1_0.documento,p1_0.nombre,p1_0.nombre_usuario,p1_0.password,p1_0.telefono from propietarios p1_0 where p1_0.documento=?
2024-11-21T08:43:59.099-05:00 DEBUG 6302 --- [backend-apps] [http-nio-8080-exec-10] org.hibernate.SQL                        : select m1_0.id_propietario,m1_0.id,m1_0.fecha_nacimiento,m1_0.nombre,m1_0.tipo from mascotas m1_0 where m1_0.id_propietario=?
2024-11-21T08:43:59.112-05:00 DEBUG 6302 --- [backend-apps] [http-nio-8080-exec-10] org.hibernate.SQL                        : delete from propietarios where id=?
2024-11-21T08:51:30.686-05:00 DEBUG 6302 --- [backend-apps] [http-nio-8080-exec-3] org.hibernate.SQL                        : select p1_0.id,p1_0.direccion,p1_0.documento,p1_0.nombre,p1_0.nombre_usuario,p1_0.password,p1_0.telefono from propietarios p1_0 where p1_0.documento=?
2024-11-21T09:20:33.500-05:00 DEBUG 6302 --- [backend-apps] [http-nio-8080-exec-10] org.hibernate.SQL                        : select p1_0.id,p1_0.direccion,p1_0.documento,p1_0.nombre,p1_0.nombre_usuario,p1_0.password,p1_0.telefono from propietarios p1_0 where p1_0.documento=?
2024-11-21T09:20:33.514-05:00 DEBUG 6302 --- [backend-apps] [http-nio-8080-exec-10] org.hibernate.SQL                        : update propietarios set direccion=?,documento=?,nombre=?,nombre_usuario=?,password=?,telefono=? where id=?
2024-11-21T09:20:33.524-05:00 DEBUG 6302 --- [backend-apps] [http-nio-8080-exec-10] org.hibernate.SQL                        : select m1_0.id_propietario,m1_0.id,m1_0.fecha_nacimiento,m1_0.nombre,m1_0.tipo from mascotas m1_0 where m1_0.id_propietario=?
2024-11-21T09:21:22.049-05:00 DEBUG 6302 --- [backend-apps] [http-nio-8080-exec-1] org.hibernate.SQL                        : select p1_0.id,p1_0.direccion,p1_0.documento,p1_0.nombre,p1_0.nombre_usuario,p1_0.password,p1_0.telefono from propietarios p1_0 where p1_0.documento=?
2024-11-21T09:21:22.053-05:00 DEBUG 6302 --- [backend-apps] [http-nio-8080-exec-1] org.hibernate.SQL                        : select m1_0.id_propietario,m1_0.id,m1_0.fecha_nacimiento,m1_0.nombre,m1_0.tipo from mascotas m1_0 where m1_0.id_propietario=?
2024-11-21T09:21:34.126-05:00 DEBUG 6302 --- [backend-apps] [http-nio-8080-exec-2] org.hibernate.SQL                        : select p1_0.id,p1_0.direccion,p1_0.documento,p1_0.nombre,p1_0.nombre_usuario,p1_0.password,p1_0.telefono from propietarios p1_0 where p1_0.documento=?
2024-11-21T09:21:34.133-05:00 DEBUG 6302 --- [backend-apps] [http-nio-8080-exec-2] org.hibernate.SQL                        : update propietarios set direccion=?,documento=?,nombre=?,nombre_usuario=?,password=?,telefono=? where id=?
2024-11-21T09:21:34.139-05:00 DEBUG 6302 --- [backend-apps] [http-nio-8080-exec-2] org.hibernate.SQL                        : select m1_0.id_propietario,m1_0.id,m1_0.fecha_nacimiento,m1_0.nombre,m1_0.tipo from mascotas m1_0 where m1_0.id_propietario=?
2024-11-21T09:27:33.958-05:00 DEBUG 6302 --- [backend-apps] [http-nio-8080-exec-5] org.hibernate.SQL                        : select p1_0.id,p1_0.direccion,p1_0.documento,p1_0.nombre,p1_0.nombre_usuario,p1_0.password,p1_0.telefono from propietarios p1_0 where p1_0.documento=?
2024-11-21T09:27:33.963-05:00 DEBUG 6302 --- [backend-apps] [http-nio-8080-exec-5] org.hibernate.SQL                        : update propietarios set direccion=?,documento=?,nombre=?,nombre_usuario=?,password=?,telefono=? where id=?
2024-11-21T09:27:33.971-05:00 DEBUG 6302 --- [backend-apps] [http-nio-8080-exec-5] org.hibernate.SQL                        : select m1_0.id_propietario,m1_0.id,m1_0.fecha_nacimiento,m1_0.nombre,m1_0.tipo from mascotas m1_0 where m1_0.id_propietario=?
2024-11-21T09:32:05.997-05:00  INFO 6302 --- [backend-apps] [SpringApplicationShutdownHook] j.LocalContainerEntityManagerFactoryBean : Closing JPA EntityManagerFactory for persistence unit 'default'
2024-11-21T09:32:06.003-05:00  INFO 6302 --- [backend-apps] [SpringApplicationShutdownHook] com.zaxxer.hikari.HikariDataSource       : HikariPool-1 - Shutdown initiated...
2024-11-21T09:32:06.008-05:00  INFO 6302 --- [backend-apps] [SpringApplicationShutdownHook] com.zaxxer.hikari.HikariDataSource       : HikariPool-1 - Shutdown completed.
2024-11-21T09:41:07.167-05:00  INFO 10249 --- [backend-apps] [restartedMain] c.demo.proyecto.BackendAppsApplication   : Starting BackendAppsApplication using Java 21.0.4 with PID 10249 (/home/felipegr/Documentos/backend-apps/target/classes started by felipegr in /home/felipegr/Documentos/backend-apps)
2024-11-21T09:41:07.184-05:00  INFO 10249 --- [backend-apps] [restartedMain] c.demo.proyecto.BackendAppsApplication   : No active profile set, falling back to 1 default profile: "default"
2024-11-21T09:41:07.500-05:00  INFO 10249 --- [backend-apps] [restartedMain] .e.DevToolsPropertyDefaultsPostProcessor : Devtools property defaults active! Set 'spring.devtools.add-properties' to 'false' to disable
2024-11-21T09:41:07.501-05:00  INFO 10249 --- [backend-apps] [restartedMain] .e.DevToolsPropertyDefaultsPostProcessor : For additional web related logging consider setting the 'logging.level.web' property to 'DEBUG'
2024-11-21T09:41:09.559-05:00  INFO 10249 --- [backend-apps] [restartedMain] .s.d.r.c.RepositoryConfigurationDelegate : Bootstrapping Spring Data JPA repositories in DEFAULT mode.
2024-11-21T09:41:09.686-05:00  INFO 10249 --- [backend-apps] [restartedMain] .s.d.r.c.RepositoryConfigurationDelegate : Finished Spring Data repository scanning in 114 ms. Found 4 JPA repository interfaces.
2024-11-21T09:41:10.545-05:00  INFO 10249 --- [backend-apps] [restartedMain] o.s.b.w.embedded.tomcat.TomcatWebServer  : Tomcat initialized with port 8080 (http)
2024-11-21T09:41:10.566-05:00  INFO 10249 --- [backend-apps] [restartedMain] o.apache.catalina.core.StandardService   : Starting service [Tomcat]
2024-11-21T09:41:10.567-05:00  INFO 10249 --- [backend-apps] [restartedMain] o.apache.catalina.core.StandardEngine    : Starting Servlet engine: [Apache Tomcat/10.1.31]
2024-11-21T09:41:10.641-05:00  INFO 10249 --- [backend-apps] [restartedMain] o.a.c.c.C.[Tomcat].[localhost].[/]       : Initializing Spring embedded WebApplicationContext
2024-11-21T09:41:10.642-05:00  INFO 10249 --- [backend-apps] [restartedMain] w.s.c.ServletWebServerApplicationContext : Root WebApplicationContext: initialization completed in 3135 ms
2024-11-21T09:41:10.921-05:00  INFO 10249 --- [backend-apps] [restartedMain] o.hibernate.jpa.internal.util.LogHelper  : HHH000204: Processing PersistenceUnitInfo [name: default]
2024-11-21T09:41:10.975-05:00  INFO 10249 --- [backend-apps] [restartedMain] org.hibernate.Version                    : HHH000412: Hibernate ORM core version 6.5.3.Final
2024-11-21T09:41:11.017-05:00  INFO 10249 --- [backend-apps] [restartedMain] o.h.c.internal.RegionFactoryInitiator    : HHH000026: Second-level cache disabled
2024-11-21T09:41:11.509-05:00  INFO 10249 --- [backend-apps] [restartedMain] o.s.o.j.p.SpringPersistenceUnitInfo      : No LoadTimeWeaver setup: ignoring JPA class transformer
2024-11-21T09:41:11.565-05:00  INFO 10249 --- [backend-apps] [restartedMain] com.zaxxer.hikari.HikariDataSource       : HikariPool-1 - Starting...
2024-11-21T09:41:12.294-05:00  INFO 10249 --- [backend-apps] [restartedMain] com.zaxxer.hikari.pool.HikariPool        : HikariPool-1 - Added connection com.mysql.cj.jdbc.ConnectionImpl@3eceef73
2024-11-21T09:41:12.298-05:00  INFO 10249 --- [backend-apps] [restartedMain] com.zaxxer.hikari.HikariDataSource       : HikariPool-1 - Start completed.
2024-11-21T09:41:12.379-05:00  WARN 10249 --- [backend-apps] [restartedMain] org.hibernate.orm.deprecation            : HHH90000025: MySQL8Dialect does not need to be specified explicitly using 'hibernate.dialect' (remove the property setting and it will be selected by default)
2024-11-21T09:41:12.380-05:00  WARN 10249 --- [backend-apps] [restartedMain] org.hibernate.orm.deprecation            : HHH90000026: MySQL8Dialect has been deprecated; use org.hibernate.dialect.MySQLDialect instead
2024-11-21T09:41:13.504-05:00  INFO 10249 --- [backend-apps] [restartedMain] o.h.e.t.j.p.i.JtaPlatformInitiator       : HHH000489: No JTA platform available (set 'hibernate.transaction.jta.platform' to enable JTA platform integration)
2024-11-21T09:41:13.591-05:00  INFO 10249 --- [backend-apps] [restartedMain] j.LocalContainerEntityManagerFactoryBean : Initialized JPA EntityManagerFactory for persistence unit 'default'
2024-11-21T09:41:14.287-05:00  WARN 10249 --- [backend-apps] [restartedMain] JpaBaseConfiguration$JpaWebConfiguration : spring.jpa.open-in-view is enabled by default. Therefore, database queries may be performed during view rendering. Explicitly configure spring.jpa.open-in-view to disable this warning
2024-11-21T09:41:14.974-05:00  INFO 10249 --- [backend-apps] [restartedMain] o.s.b.d.a.OptionalLiveReloadServer       : LiveReload server is running on port 35729
2024-11-21T09:41:15.012-05:00  INFO 10249 --- [backend-apps] [restartedMain] o.s.b.w.embedded.tomcat.TomcatWebServer  : Tomcat started on port 8080 (http) with context path '/'
2024-11-21T09:41:15.024-05:00  INFO 10249 --- [backend-apps] [restartedMain] c.demo.proyecto.BackendAppsApplication   : Started BackendAppsApplication in 9.682 seconds (process running for 11.44)
2024-11-21T09:41:56.731-05:00  INFO 10249 --- [backend-apps] [http-nio-8080-exec-1] o.a.c.c.C.[Tomcat].[localhost].[/]       : Initializing Spring DispatcherServlet 'dispatcherServlet'
2024-11-21T09:41:56.731-05:00  INFO 10249 --- [backend-apps] [http-nio-8080-exec-1] o.s.web.servlet.DispatcherServlet        : Initializing Servlet 'dispatcherServlet'
2024-11-21T09:41:56.732-05:00  INFO 10249 --- [backend-apps] [http-nio-8080-exec-1] o.s.web.servlet.DispatcherServlet        : Completed initialization in 1 ms
2024-11-21T09:41:56.883-05:00 DEBUG 10249 --- [backend-apps] [http-nio-8080-exec-1] org.hibernate.SQL                        : select p1_0.id,p1_0.direccion,p1_0.documento,p1_0.nombre,p1_0.nombre_usuario,p1_0.password,p1_0.telefono from propietarios p1_0
2024-11-21T09:41:57.015-05:00 DEBUG 10249 --- [backend-apps] [http-nio-8080-exec-1] org.hibernate.SQL                        : select m1_0.id_propietario,m1_0.id,m1_0.fecha_nacimiento,m1_0.nombre,m1_0.tipo from mascotas m1_0 where m1_0.id_propietario=?
2024-11-21T09:41:57.018-05:00 DEBUG 10249 --- [backend-apps] [http-nio-8080-exec-1] org.hibernate.SQL                        : select m1_0.id_propietario,m1_0.id,m1_0.fecha_nacimiento,m1_0.nombre,m1_0.tipo from mascotas m1_0 where m1_0.id_propietario=?
2024-11-21T09:41:57.020-05:00 DEBUG 10249 --- [backend-apps] [http-nio-8080-exec-1] org.hibernate.SQL                        : select m1_0.id_propietario,m1_0.id,m1_0.fecha_nacimiento,m1_0.nombre,m1_0.tipo from mascotas m1_0 where m1_0.id_propietario=?
2024-11-21T09:41:57.023-05:00 DEBUG 10249 --- [backend-apps] [http-nio-8080-exec-1] org.hibernate.SQL                        : select m1_0.id_propietario,m1_0.id,m1_0.fecha_nacimiento,m1_0.nombre,m1_0.tipo from mascotas m1_0 where m1_0.id_propietario=?
2024-11-21T10:02:47.064-05:00 DEBUG 10249 --- [backend-apps] [http-nio-8080-exec-3] org.hibernate.SQL                        : select p1_0.id,p1_0.direccion,p1_0.documento,p1_0.nombre,p1_0.nombre_usuario,p1_0.password,p1_0.telefono from propietarios p1_0
2024-11-21T10:02:47.068-05:00 DEBUG 10249 --- [backend-apps] [http-nio-8080-exec-3] org.hibernate.SQL                        : select m1_0.id_propietario,m1_0.id,m1_0.fecha_nacimiento,m1_0.nombre,m1_0.tipo from mascotas m1_0 where m1_0.id_propietario=?
2024-11-21T10:02:47.069-05:00 DEBUG 10249 --- [backend-apps] [http-nio-8080-exec-3] org.hibernate.SQL                        : select m1_0.id_propietario,m1_0.id,m1_0.fecha_nacimiento,m1_0.nombre,m1_0.tipo from mascotas m1_0 where m1_0.id_propietario=?
2024-11-21T10:02:47.071-05:00 DEBUG 10249 --- [backend-apps] [http-nio-8080-exec-3] org.hibernate.SQL                        : select m1_0.id_propietario,m1_0.id,m1_0.fecha_nacimiento,m1_0.nombre,m1_0.tipo from mascotas m1_0 where m1_0.id_propietario=?
2024-11-21T10:02:47.072-05:00 DEBUG 10249 --- [backend-apps] [http-nio-8080-exec-3] org.hibernate.SQL                        : select m1_0.id_propietario,m1_0.id,m1_0.fecha_nacimiento,m1_0.nombre,m1_0.tipo from mascotas m1_0 where m1_0.id_propietario=?
2024-11-21T10:02:54.206-05:00 DEBUG 10249 --- [backend-apps] [http-nio-8080-exec-5] org.hibernate.SQL                        : select p1_0.id,p1_0.direccion,p1_0.documento,p1_0.nombre,p1_0.nombre_usuario,p1_0.password,p1_0.telefono from propietarios p1_0
2024-11-21T10:02:54.211-05:00 DEBUG 10249 --- [backend-apps] [http-nio-8080-exec-5] org.hibernate.SQL                        : select m1_0.id_propietario,m1_0.id,m1_0.fecha_nacimiento,m1_0.nombre,m1_0.tipo from mascotas m1_0 where m1_0.id_propietario=?
2024-11-21T10:02:54.213-05:00 DEBUG 10249 --- [backend-apps] [http-nio-8080-exec-5] org.hibernate.SQL                        : select m1_0.id_propietario,m1_0.id,m1_0.fecha_nacimiento,m1_0.nombre,m1_0.tipo from mascotas m1_0 where m1_0.id_propietario=?
2024-11-21T10:02:54.216-05:00 DEBUG 10249 --- [backend-apps] [http-nio-8080-exec-5] org.hibernate.SQL                        : select m1_0.id_propietario,m1_0.id,m1_0.fecha_nacimiento,m1_0.nombre,m1_0.tipo from mascotas m1_0 where m1_0.id_propietario=?
2024-11-21T10:02:54.219-05:00 DEBUG 10249 --- [backend-apps] [http-nio-8080-exec-5] org.hibernate.SQL                        : select m1_0.id_propietario,m1_0.id,m1_0.fecha_nacimiento,m1_0.nombre,m1_0.tipo from mascotas m1_0 where m1_0.id_propietario=?
2024-11-21T10:03:15.970-05:00 DEBUG 10249 --- [backend-apps] [http-nio-8080-exec-7] org.hibernate.SQL                        : select p1_0.id,p1_0.direccion,p1_0.documento,p1_0.nombre,p1_0.nombre_usuario,p1_0.password,p1_0.telefono from propietarios p1_0
2024-11-21T10:03:15.975-05:00 DEBUG 10249 --- [backend-apps] [http-nio-8080-exec-7] org.hibernate.SQL                        : select m1_0.id_propietario,m1_0.id,m1_0.fecha_nacimiento,m1_0.nombre,m1_0.tipo from mascotas m1_0 where m1_0.id_propietario=?
2024-11-21T10:03:15.978-05:00 DEBUG 10249 --- [backend-apps] [http-nio-8080-exec-7] org.hibernate.SQL                        : select m1_0.id_propietario,m1_0.id,m1_0.fecha_nacimiento,m1_0.nombre,m1_0.tipo from mascotas m1_0 where m1_0.id_propietario=?
2024-11-21T10:03:15.981-05:00 DEBUG 10249 --- [backend-apps] [http-nio-8080-exec-7] org.hibernate.SQL                        : select m1_0.id_propietario,m1_0.id,m1_0.fecha_nacimiento,m1_0.nombre,m1_0.tipo from mascotas m1_0 where m1_0.id_propietario=?
2024-11-21T10:03:15.984-05:00 DEBUG 10249 --- [backend-apps] [http-nio-8080-exec-7] org.hibernate.SQL                        : select m1_0.id_propietario,m1_0.id,m1_0.fecha_nacimiento,m1_0.nombre,m1_0.tipo from mascotas m1_0 where m1_0.id_propietario=?
2024-11-21T10:09:27.302-05:00 DEBUG 10249 --- [backend-apps] [http-nio-8080-exec-9] org.hibernate.SQL                        : select p1_0.id,p1_0.direccion,p1_0.documento,p1_0.nombre,p1_0.nombre_usuario,p1_0.password,p1_0.telefono from propietarios p1_0
2024-11-21T10:09:27.306-05:00 DEBUG 10249 --- [backend-apps] [http-nio-8080-exec-9] org.hibernate.SQL                        : select m1_0.id_propietario,m1_0.id,m1_0.fecha_nacimiento,m1_0.nombre,m1_0.tipo from mascotas m1_0 where m1_0.id_propietario=?
2024-11-21T10:09:27.307-05:00 DEBUG 10249 --- [backend-apps] [http-nio-8080-exec-9] org.hibernate.SQL                        : select m1_0.id_propietario,m1_0.id,m1_0.fecha_nacimiento,m1_0.nombre,m1_0.tipo from mascotas m1_0 where m1_0.id_propietario=?
2024-11-21T10:09:27.310-05:00 DEBUG 10249 --- [backend-apps] [http-nio-8080-exec-9] org.hibernate.SQL                        : select m1_0.id_propietario,m1_0.id,m1_0.fecha_nacimiento,m1_0.nombre,m1_0.tipo from mascotas m1_0 where m1_0.id_propietario=?
2024-11-21T10:09:27.312-05:00 DEBUG 10249 --- [backend-apps] [http-nio-8080-exec-9] org.hibernate.SQL                        : select m1_0.id_propietario,m1_0.id,m1_0.fecha_nacimiento,m1_0.nombre,m1_0.tipo from mascotas m1_0 where m1_0.id_propietario=?
2024-11-21T10:10:10.124-05:00 DEBUG 10249 --- [backend-apps] [http-nio-8080-exec-1] org.hibernate.SQL                        : select p1_0.id,p1_0.direccion,p1_0.documento,p1_0.nombre,p1_0.nombre_usuario,p1_0.password,p1_0.telefono from propietarios p1_0
2024-11-21T10:10:10.130-05:00 DEBUG 10249 --- [backend-apps] [http-nio-8080-exec-1] org.hibernate.SQL                        : select m1_0.id_propietario,m1_0.id,m1_0.fecha_nacimiento,m1_0.nombre,m1_0.tipo from mascotas m1_0 where m1_0.id_propietario=?
2024-11-21T10:10:10.133-05:00 DEBUG 10249 --- [backend-apps] [http-nio-8080-exec-1] org.hibernate.SQL                        : select m1_0.id_propietario,m1_0.id,m1_0.fecha_nacimiento,m1_0.nombre,m1_0.tipo from mascotas m1_0 where m1_0.id_propietario=?
2024-11-21T10:10:10.135-05:00 DEBUG 10249 --- [backend-apps] [http-nio-8080-exec-1] org.hibernate.SQL                        : select m1_0.id_propietario,m1_0.id,m1_0.fecha_nacimiento,m1_0.nombre,m1_0.tipo from mascotas m1_0 where m1_0.id_propietario=?
2024-11-21T10:10:10.137-05:00 DEBUG 10249 --- [backend-apps] [http-nio-8080-exec-1] org.hibernate.SQL                        : select m1_0.id_propietario,m1_0.id,m1_0.fecha_nacimiento,m1_0.nombre,m1_0.tipo from mascotas m1_0 where m1_0.id_propietario=?
2024-11-21T10:17:00.041-05:00 DEBUG 10249 --- [backend-apps] [http-nio-8080-exec-3] org.hibernate.SQL                        : select p1_0.id,p1_0.direccion,p1_0.documento,p1_0.nombre,p1_0.nombre_usuario,p1_0.password,p1_0.telefono from propietarios p1_0
2024-11-21T10:17:00.047-05:00 DEBUG 10249 --- [backend-apps] [http-nio-8080-exec-3] org.hibernate.SQL                        : select m1_0.id_propietario,m1_0.id,m1_0.fecha_nacimiento,m1_0.nombre,m1_0.tipo from mascotas m1_0 where m1_0.id_propietario=?
2024-11-21T10:17:00.048-05:00 DEBUG 10249 --- [backend-apps] [http-nio-8080-exec-3] org.hibernate.SQL                        : select m1_0.id_propietario,m1_0.id,m1_0.fecha_nacimiento,m1_0.nombre,m1_0.tipo from mascotas m1_0 where m1_0.id_propietario=?
2024-11-21T10:17:00.050-05:00 DEBUG 10249 --- [backend-apps] [http-nio-8080-exec-3] org.hibernate.SQL                        : select m1_0.id_propietario,m1_0.id,m1_0.fecha_nacimiento,m1_0.nombre,m1_0.tipo from mascotas m1_0 where m1_0.id_propietario=?
2024-11-21T10:17:00.051-05:00 DEBUG 10249 --- [backend-apps] [http-nio-8080-exec-3] org.hibernate.SQL                        : select m1_0.id_propietario,m1_0.id,m1_0.fecha_nacimiento,m1_0.nombre,m1_0.tipo from mascotas m1_0 where m1_0.id_propietario=?
2024-11-21T10:17:11.947-05:00 DEBUG 10249 --- [backend-apps] [http-nio-8080-exec-5] org.hibernate.SQL                        : select p1_0.id,p1_0.direccion,p1_0.documento,p1_0.nombre,p1_0.nombre_usuario,p1_0.password,p1_0.telefono from propietarios p1_0
2024-11-21T10:17:11.950-05:00 DEBUG 10249 --- [backend-apps] [http-nio-8080-exec-5] org.hibernate.SQL                        : select m1_0.id_propietario,m1_0.id,m1_0.fecha_nacimiento,m1_0.nombre,m1_0.tipo from mascotas m1_0 where m1_0.id_propietario=?
2024-11-21T10:17:11.952-05:00 DEBUG 10249 --- [backend-apps] [http-nio-8080-exec-5] org.hibernate.SQL                        : select m1_0.id_propietario,m1_0.id,m1_0.fecha_nacimiento,m1_0.nombre,m1_0.tipo from mascotas m1_0 where m1_0.id_propietario=?
2024-11-21T10:17:11.954-05:00 DEBUG 10249 --- [backend-apps] [http-nio-8080-exec-5] org.hibernate.SQL                        : select m1_0.id_propietario,m1_0.id,m1_0.fecha_nacimiento,m1_0.nombre,m1_0.tipo from mascotas m1_0 where m1_0.id_propietario=?
2024-11-21T10:17:11.956-05:00 DEBUG 10249 --- [backend-apps] [http-nio-8080-exec-5] org.hibernate.SQL                        : select m1_0.id_propietario,m1_0.id,m1_0.fecha_nacimiento,m1_0.nombre,m1_0.tipo from mascotas m1_0 where m1_0.id_propietario=?
2024-11-21T10:21:30.849-05:00 DEBUG 10249 --- [backend-apps] [http-nio-8080-exec-7] org.hibernate.SQL                        : select p1_0.id,p1_0.direccion,p1_0.documento,p1_0.nombre,p1_0.nombre_usuario,p1_0.password,p1_0.telefono from propietarios p1_0
2024-11-21T10:21:30.854-05:00 DEBUG 10249 --- [backend-apps] [http-nio-8080-exec-7] org.hibernate.SQL                        : select m1_0.id_propietario,m1_0.id,m1_0.fecha_nacimiento,m1_0.nombre,m1_0.tipo from mascotas m1_0 where m1_0.id_propietario=?
2024-11-21T10:21:30.857-05:00 DEBUG 10249 --- [backend-apps] [http-nio-8080-exec-7] org.hibernate.SQL                        : select m1_0.id_propietario,m1_0.id,m1_0.fecha_nacimiento,m1_0.nombre,m1_0.tipo from mascotas m1_0 where m1_0.id_propietario=?
2024-11-21T10:21:30.860-05:00 DEBUG 10249 --- [backend-apps] [http-nio-8080-exec-7] org.hibernate.SQL                        : select m1_0.id_propietario,m1_0.id,m1_0.fecha_nacimiento,m1_0.nombre,m1_0.tipo from mascotas m1_0 where m1_0.id_propietario=?
2024-11-21T10:21:30.862-05:00 DEBUG 10249 --- [backend-apps] [http-nio-8080-exec-7] org.hibernate.SQL                        : select m1_0.id_propietario,m1_0.id,m1_0.fecha_nacimiento,m1_0.nombre,m1_0.tipo from mascotas m1_0 where m1_0.id_propietario=?
2024-11-21T10:21:31.438-05:00 DEBUG 10249 --- [backend-apps] [http-nio-8080-exec-9] org.hibernate.SQL                        : select p1_0.id,p1_0.direccion,p1_0.documento,p1_0.nombre,p1_0.nombre_usuario,p1_0.password,p1_0.telefono from propietarios p1_0
2024-11-21T10:21:31.441-05:00 DEBUG 10249 --- [backend-apps] [http-nio-8080-exec-9] org.hibernate.SQL                        : select m1_0.id_propietario,m1_0.id,m1_0.fecha_nacimiento,m1_0.nombre,m1_0.tipo from mascotas m1_0 where m1_0.id_propietario=?
2024-11-21T10:21:31.443-05:00 DEBUG 10249 --- [backend-apps] [http-nio-8080-exec-9] org.hibernate.SQL                        : select m1_0.id_propietario,m1_0.id,m1_0.fecha_nacimiento,m1_0.nombre,m1_0.tipo from mascotas m1_0 where m1_0.id_propietario=?
2024-11-21T10:21:31.444-05:00 DEBUG 10249 --- [backend-apps] [http-nio-8080-exec-9] org.hibernate.SQL                        : select m1_0.id_propietario,m1_0.id,m1_0.fecha_nacimiento,m1_0.nombre,m1_0.tipo from mascotas m1_0 where m1_0.id_propietario=?
2024-11-21T10:21:31.446-05:00 DEBUG 10249 --- [backend-apps] [http-nio-8080-exec-9] org.hibernate.SQL                        : select m1_0.id_propietario,m1_0.id,m1_0.fecha_nacimiento,m1_0.nombre,m1_0.tipo from mascotas m1_0 where m1_0.id_propietario=?
2024-11-21T10:32:24.707-05:00 DEBUG 10249 --- [backend-apps] [http-nio-8080-exec-1] org.hibernate.SQL                        : select p1_0.id,p1_0.direccion,p1_0.documento,p1_0.nombre,p1_0.nombre_usuario,p1_0.password,p1_0.telefono from propietarios p1_0
2024-11-21T10:32:24.711-05:00 DEBUG 10249 --- [backend-apps] [http-nio-8080-exec-1] org.hibernate.SQL                        : select m1_0.id_propietario,m1_0.id,m1_0.fecha_nacimiento,m1_0.nombre,m1_0.tipo from mascotas m1_0 where m1_0.id_propietario=?
2024-11-21T10:32:24.712-05:00 DEBUG 10249 --- [backend-apps] [http-nio-8080-exec-1] org.hibernate.SQL                        : select m1_0.id_propietario,m1_0.id,m1_0.fecha_nacimiento,m1_0.nombre,m1_0.tipo from mascotas m1_0 where m1_0.id_propietario=?
2024-11-21T10:32:24.714-05:00 DEBUG 10249 --- [backend-apps] [http-nio-8080-exec-1] org.hibernate.SQL                        : select m1_0.id_propietario,m1_0.id,m1_0.fecha_nacimiento,m1_0.nombre,m1_0.tipo from mascotas m1_0 where m1_0.id_propietario=?
2024-11-21T10:32:24.716-05:00 DEBUG 10249 --- [backend-apps] [http-nio-8080-exec-1] org.hibernate.SQL                        : select m1_0.id_propietario,m1_0.id,m1_0.fecha_nacimiento,m1_0.nombre,m1_0.tipo from mascotas m1_0 where m1_0.id_propietario=?
2024-11-21T10:32:31.038-05:00  INFO 10249 --- [backend-apps] [SpringApplicationShutdownHook] j.LocalContainerEntityManagerFactoryBean : Closing JPA EntityManagerFactory for persistence unit 'default'
2024-11-21T10:32:31.042-05:00  INFO 10249 --- [backend-apps] [SpringApplicationShutdownHook] com.zaxxer.hikari.HikariDataSource       : HikariPool-1 - Shutdown initiated...
2024-11-21T10:32:31.046-05:00  INFO 10249 --- [backend-apps] [SpringApplicationShutdownHook] com.zaxxer.hikari.HikariDataSource       : HikariPool-1 - Shutdown completed.
2024-11-21T10:32:33.061-05:00  INFO 15953 --- [backend-apps] [restartedMain] c.demo.proyecto.BackendAppsApplication   : Starting BackendAppsApplication using Java 21.0.4 with PID 15953 (/home/felipegr/Documentos/backend-apps/target/classes started by felipegr in /home/felipegr/Documentos/backend-apps)
2024-11-21T10:32:33.065-05:00  INFO 15953 --- [backend-apps] [restartedMain] c.demo.proyecto.BackendAppsApplication   : No active profile set, falling back to 1 default profile: "default"
2024-11-21T10:32:33.133-05:00  INFO 15953 --- [backend-apps] [restartedMain] .e.DevToolsPropertyDefaultsPostProcessor : Devtools property defaults active! Set 'spring.devtools.add-properties' to 'false' to disable
2024-11-21T10:32:33.134-05:00  INFO 15953 --- [backend-apps] [restartedMain] .e.DevToolsPropertyDefaultsPostProcessor : For additional web related logging consider setting the 'logging.level.web' property to 'DEBUG'
2024-11-21T10:32:34.024-05:00  INFO 15953 --- [backend-apps] [restartedMain] .s.d.r.c.RepositoryConfigurationDelegate : Bootstrapping Spring Data JPA repositories in DEFAULT mode.
2024-11-21T10:32:34.081-05:00  INFO 15953 --- [backend-apps] [restartedMain] .s.d.r.c.RepositoryConfigurationDelegate : Finished Spring Data repository scanning in 49 ms. Found 4 JPA repository interfaces.
2024-11-21T10:32:34.708-05:00  INFO 15953 --- [backend-apps] [restartedMain] o.s.b.w.embedded.tomcat.TomcatWebServer  : Tomcat initialized with port 8080 (http)
2024-11-21T10:32:34.721-05:00  INFO 15953 --- [backend-apps] [restartedMain] o.apache.catalina.core.StandardService   : Starting service [Tomcat]
2024-11-21T10:32:34.721-05:00  INFO 15953 --- [backend-apps] [restartedMain] o.apache.catalina.core.StandardEngine    : Starting Servlet engine: [Apache Tomcat/10.1.31]
2024-11-21T10:32:34.758-05:00  INFO 15953 --- [backend-apps] [restartedMain] o.a.c.c.C.[Tomcat].[localhost].[/]       : Initializing Spring embedded WebApplicationContext
2024-11-21T10:32:34.759-05:00  INFO 15953 --- [backend-apps] [restartedMain] w.s.c.ServletWebServerApplicationContext : Root WebApplicationContext: initialization completed in 1624 ms
2024-11-21T10:32:34.936-05:00  INFO 15953 --- [backend-apps] [restartedMain] o.hibernate.jpa.internal.util.LogHelper  : HHH000204: Processing PersistenceUnitInfo [name: default]
2024-11-21T10:32:34.989-05:00  INFO 15953 --- [backend-apps] [restartedMain] org.hibernate.Version                    : HHH000412: Hibernate ORM core version 6.5.3.Final
2024-11-21T10:32:35.030-05:00  INFO 15953 --- [backend-apps] [restartedMain] o.h.c.internal.RegionFactoryInitiator    : HHH000026: Second-level cache disabled
2024-11-21T10:32:35.261-05:00  INFO 15953 --- [backend-apps] [restartedMain] o.s.o.j.p.SpringPersistenceUnitInfo      : No LoadTimeWeaver setup: ignoring JPA class transformer
2024-11-21T10:32:35.283-05:00  INFO 15953 --- [backend-apps] [restartedMain] com.zaxxer.hikari.HikariDataSource       : HikariPool-1 - Starting...
2024-11-21T10:32:35.583-05:00  INFO 15953 --- [backend-apps] [restartedMain] com.zaxxer.hikari.pool.HikariPool        : HikariPool-1 - Added connection com.mysql.cj.jdbc.ConnectionImpl@626ec3f4
2024-11-21T10:32:35.585-05:00  INFO 15953 --- [backend-apps] [restartedMain] com.zaxxer.hikari.HikariDataSource       : HikariPool-1 - Start completed.
2024-11-21T10:32:35.630-05:00  WARN 15953 --- [backend-apps] [restartedMain] org.hibernate.orm.deprecation            : HHH90000025: MySQL8Dialect does not need to be specified explicitly using 'hibernate.dialect' (remove the property setting and it will be selected by default)
2024-11-21T10:32:35.631-05:00  WARN 15953 --- [backend-apps] [restartedMain] org.hibernate.orm.deprecation            : HHH90000026: MySQL8Dialect has been deprecated; use org.hibernate.dialect.MySQLDialect instead
2024-11-21T10:32:36.376-05:00  INFO 15953 --- [backend-apps] [restartedMain] o.h.e.t.j.p.i.JtaPlatformInitiator       : HHH000489: No JTA platform available (set 'hibernate.transaction.jta.platform' to enable JTA platform integration)
2024-11-21T10:32:36.443-05:00  INFO 15953 --- [backend-apps] [restartedMain] j.LocalContainerEntityManagerFactoryBean : Initialized JPA EntityManagerFactory for persistence unit 'default'
2024-11-21T10:32:36.898-05:00  WARN 15953 --- [backend-apps] [restartedMain] JpaBaseConfiguration$JpaWebConfiguration : spring.jpa.open-in-view is enabled by default. Therefore, database queries may be performed during view rendering. Explicitly configure spring.jpa.open-in-view to disable this warning
2024-11-21T10:32:37.342-05:00  INFO 15953 --- [backend-apps] [restartedMain] o.s.b.d.a.OptionalLiveReloadServer       : LiveReload server is running on port 35729
2024-11-21T10:32:37.373-05:00  INFO 15953 --- [backend-apps] [restartedMain] o.s.b.w.embedded.tomcat.TomcatWebServer  : Tomcat started on port 8080 (http) with context path '/'
2024-11-21T10:32:37.384-05:00  INFO 15953 --- [backend-apps] [restartedMain] c.demo.proyecto.BackendAppsApplication   : Started BackendAppsApplication in 4.777 seconds (process running for 5.428)
2024-11-21T10:32:48.855-05:00  INFO 15953 --- [backend-apps] [http-nio-8080-exec-1] o.a.c.c.C.[Tomcat].[localhost].[/]       : Initializing Spring DispatcherServlet 'dispatcherServlet'
2024-11-21T10:32:48.855-05:00  INFO 15953 --- [backend-apps] [http-nio-8080-exec-1] o.s.web.servlet.DispatcherServlet        : Initializing Servlet 'dispatcherServlet'
2024-11-21T10:32:48.857-05:00  INFO 15953 --- [backend-apps] [http-nio-8080-exec-1] o.s.web.servlet.DispatcherServlet        : Completed initialization in 2 ms
2024-11-21T10:32:48.988-05:00 DEBUG 15953 --- [backend-apps] [http-nio-8080-exec-1] org.hibernate.SQL                        : select p1_0.id,p1_0.direccion,p1_0.documento,p1_0.nombre,p1_0.nombre_usuario,p1_0.password,p1_0.telefono from propietarios p1_0
2024-11-21T10:32:49.077-05:00 DEBUG 15953 --- [backend-apps] [http-nio-8080-exec-1] org.hibernate.SQL                        : select m1_0.id_propietario,m1_0.id,m1_0.fecha_nacimiento,m1_0.nombre,m1_0.tipo from mascotas m1_0 where m1_0.id_propietario=?
2024-11-21T10:32:49.083-05:00 DEBUG 15953 --- [backend-apps] [http-nio-8080-exec-1] org.hibernate.SQL                        : select m1_0.id_propietario,m1_0.id,m1_0.fecha_nacimiento,m1_0.nombre,m1_0.tipo from mascotas m1_0 where m1_0.id_propietario=?
2024-11-21T10:32:49.087-05:00 DEBUG 15953 --- [backend-apps] [http-nio-8080-exec-1] org.hibernate.SQL                        : select m1_0.id_propietario,m1_0.id,m1_0.fecha_nacimiento,m1_0.nombre,m1_0.tipo from mascotas m1_0 where m1_0.id_propietario=?
2024-11-21T10:32:49.091-05:00 DEBUG 15953 --- [backend-apps] [http-nio-8080-exec-1] org.hibernate.SQL                        : select m1_0.id_propietario,m1_0.id,m1_0.fecha_nacimiento,m1_0.nombre,m1_0.tipo from mascotas m1_0 where m1_0.id_propietario=?
2024-11-21T10:37:39.223-05:00 DEBUG 15953 --- [backend-apps] [http-nio-8080-exec-3] org.hibernate.SQL                        : select p1_0.id,p1_0.direccion,p1_0.documento,p1_0.nombre,p1_0.nombre_usuario,p1_0.password,p1_0.telefono from propietarios p1_0
2024-11-21T10:37:39.228-05:00 DEBUG 15953 --- [backend-apps] [http-nio-8080-exec-3] org.hibernate.SQL                        : select m1_0.id_propietario,m1_0.id,m1_0.fecha_nacimiento,m1_0.nombre,m1_0.tipo from mascotas m1_0 where m1_0.id_propietario=?
2024-11-21T10:37:39.230-05:00 DEBUG 15953 --- [backend-apps] [http-nio-8080-exec-3] org.hibernate.SQL                        : select m1_0.id_propietario,m1_0.id,m1_0.fecha_nacimiento,m1_0.nombre,m1_0.tipo from mascotas m1_0 where m1_0.id_propietario=?
2024-11-21T10:37:39.232-05:00 DEBUG 15953 --- [backend-apps] [http-nio-8080-exec-3] org.hibernate.SQL                        : select m1_0.id_propietario,m1_0.id,m1_0.fecha_nacimiento,m1_0.nombre,m1_0.tipo from mascotas m1_0 where m1_0.id_propietario=?
2024-11-21T10:37:39.234-05:00 DEBUG 15953 --- [backend-apps] [http-nio-8080-exec-3] org.hibernate.SQL                        : select m1_0.id_propietario,m1_0.id,m1_0.fecha_nacimiento,m1_0.nombre,m1_0.tipo from mascotas m1_0 where m1_0.id_propietario=?
2024-11-21T10:42:44.615-05:00 DEBUG 15953 --- [backend-apps] [http-nio-8080-exec-5] org.hibernate.SQL                        : select p1_0.id,p1_0.direccion,p1_0.documento,p1_0.nombre,p1_0.nombre_usuario,p1_0.password,p1_0.telefono from propietarios p1_0
2024-11-21T10:42:44.619-05:00 DEBUG 15953 --- [backend-apps] [http-nio-8080-exec-5] org.hibernate.SQL                        : select m1_0.id_propietario,m1_0.id,m1_0.fecha_nacimiento,m1_0.nombre,m1_0.tipo from mascotas m1_0 where m1_0.id_propietario=?
2024-11-21T10:42:44.620-05:00 DEBUG 15953 --- [backend-apps] [http-nio-8080-exec-5] org.hibernate.SQL                        : select m1_0.id_propietario,m1_0.id,m1_0.fecha_nacimiento,m1_0.nombre,m1_0.tipo from mascotas m1_0 where m1_0.id_propietario=?
2024-11-21T10:42:44.622-05:00 DEBUG 15953 --- [backend-apps] [http-nio-8080-exec-5] org.hibernate.SQL                        : select m1_0.id_propietario,m1_0.id,m1_0.fecha_nacimiento,m1_0.nombre,m1_0.tipo from mascotas m1_0 where m1_0.id_propietario=?
2024-11-21T10:42:44.624-05:00 DEBUG 15953 --- [backend-apps] [http-nio-8080-exec-5] org.hibernate.SQL                        : select m1_0.id_propietario,m1_0.id,m1_0.fecha_nacimiento,m1_0.nombre,m1_0.tipo from mascotas m1_0 where m1_0.id_propietario=?
2024-11-21T10:45:00.256-05:00 DEBUG 15953 --- [backend-apps] [http-nio-8080-exec-8] org.hibernate.SQL                        : select p1_0.id,p1_0.direccion,p1_0.documento,p1_0.nombre,p1_0.nombre_usuario,p1_0.password,p1_0.telefono from propietarios p1_0
2024-11-21T10:45:00.260-05:00 DEBUG 15953 --- [backend-apps] [http-nio-8080-exec-8] org.hibernate.SQL                        : select m1_0.id_propietario,m1_0.id,m1_0.fecha_nacimiento,m1_0.nombre,m1_0.tipo from mascotas m1_0 where m1_0.id_propietario=?
2024-11-21T10:45:00.262-05:00 DEBUG 15953 --- [backend-apps] [http-nio-8080-exec-8] org.hibernate.SQL                        : select m1_0.id_propietario,m1_0.id,m1_0.fecha_nacimiento,m1_0.nombre,m1_0.tipo from mascotas m1_0 where m1_0.id_propietario=?
2024-11-21T10:45:00.263-05:00 DEBUG 15953 --- [backend-apps] [http-nio-8080-exec-8] org.hibernate.SQL                        : select m1_0.id_propietario,m1_0.id,m1_0.fecha_nacimiento,m1_0.nombre,m1_0.tipo from mascotas m1_0 where m1_0.id_propietario=?
2024-11-21T10:45:00.265-05:00 DEBUG 15953 --- [backend-apps] [http-nio-8080-exec-8] org.hibernate.SQL                        : select m1_0.id_propietario,m1_0.id,m1_0.fecha_nacimiento,m1_0.nombre,m1_0.tipo from mascotas m1_0 where m1_0.id_propietario=?
2024-11-21T10:53:41.487-05:00 DEBUG 15953 --- [backend-apps] [http-nio-8080-exec-10] org.hibernate.SQL                        : select p1_0.id,p1_0.direccion,p1_0.documento,p1_0.nombre,p1_0.nombre_usuario,p1_0.password,p1_0.telefono from propietarios p1_0
2024-11-21T10:53:41.493-05:00 DEBUG 15953 --- [backend-apps] [http-nio-8080-exec-10] org.hibernate.SQL                        : select m1_0.id_propietario,m1_0.id,m1_0.fecha_nacimiento,m1_0.nombre,m1_0.tipo from mascotas m1_0 where m1_0.id_propietario=?
2024-11-21T10:53:41.496-05:00 DEBUG 15953 --- [backend-apps] [http-nio-8080-exec-10] org.hibernate.SQL                        : select m1_0.id_propietario,m1_0.id,m1_0.fecha_nacimiento,m1_0.nombre,m1_0.tipo from mascotas m1_0 where m1_0.id_propietario=?
2024-11-21T10:53:41.498-05:00 DEBUG 15953 --- [backend-apps] [http-nio-8080-exec-10] org.hibernate.SQL                        : select m1_0.id_propietario,m1_0.id,m1_0.fecha_nacimiento,m1_0.nombre,m1_0.tipo from mascotas m1_0 where m1_0.id_propietario=?
2024-11-21T10:53:41.500-05:00 DEBUG 15953 --- [backend-apps] [http-nio-8080-exec-10] org.hibernate.SQL                        : select m1_0.id_propietario,m1_0.id,m1_0.fecha_nacimiento,m1_0.nombre,m1_0.tipo from mascotas m1_0 where m1_0.id_propietario=?
2024-11-21T10:53:51.930-05:00 DEBUG 15953 --- [backend-apps] [http-nio-8080-exec-2] org.hibernate.SQL                        : select p1_0.id,p1_0.direccion,p1_0.documento,p1_0.nombre,p1_0.nombre_usuario,p1_0.password,p1_0.telefono from propietarios p1_0 where p1_0.documento=?
2024-11-21T10:53:51.938-05:00 DEBUG 15953 --- [backend-apps] [http-nio-8080-exec-2] org.hibernate.SQL                        : select m1_0.id_propietario,m1_0.id,m1_0.fecha_nacimiento,m1_0.nombre,m1_0.tipo from mascotas m1_0 where m1_0.id_propietario=?
2024-11-21T10:58:20.220-05:00 DEBUG 15953 --- [backend-apps] [http-nio-8080-exec-4] org.hibernate.SQL                        : select p1_0.id,p1_0.direccion,p1_0.documento,p1_0.nombre,p1_0.nombre_usuario,p1_0.password,p1_0.telefono from propietarios p1_0
2024-11-21T10:58:20.227-05:00 DEBUG 15953 --- [backend-apps] [http-nio-8080-exec-4] org.hibernate.SQL                        : select m1_0.id_propietario,m1_0.id,m1_0.fecha_nacimiento,m1_0.nombre,m1_0.tipo from mascotas m1_0 where m1_0.id_propietario=?
2024-11-21T10:58:20.230-05:00 DEBUG 15953 --- [backend-apps] [http-nio-8080-exec-4] org.hibernate.SQL                        : select m1_0.id_propietario,m1_0.id,m1_0.fecha_nacimiento,m1_0.nombre,m1_0.tipo from mascotas m1_0 where m1_0.id_propietario=?
2024-11-21T10:58:20.232-05:00 DEBUG 15953 --- [backend-apps] [http-nio-8080-exec-4] org.hibernate.SQL                        : select m1_0.id_propietario,m1_0.id,m1_0.fecha_nacimiento,m1_0.nombre,m1_0.tipo from mascotas m1_0 where m1_0.id_propietario=?
2024-11-21T10:58:20.234-05:00 DEBUG 15953 --- [backend-apps] [http-nio-8080-exec-4] org.hibernate.SQL                        : select m1_0.id_propietario,m1_0.id,m1_0.fecha_nacimiento,m1_0.nombre,m1_0.tipo from mascotas m1_0 where m1_0.id_propietario=?
2024-11-21T10:58:59.351-05:00 DEBUG 15953 --- [backend-apps] [http-nio-8080-exec-5] org.hibernate.SQL                        : select p1_0.id,p1_0.direccion,p1_0.documento,p1_0.nombre,p1_0.nombre_usuario,p1_0.password,p1_0.telefono from propietarios p1_0
2024-11-21T10:58:59.357-05:00 DEBUG 15953 --- [backend-apps] [http-nio-8080-exec-5] org.hibernate.SQL                        : select m1_0.id_propietario,m1_0.id,m1_0.fecha_nacimiento,m1_0.nombre,m1_0.tipo from mascotas m1_0 where m1_0.id_propietario=?
2024-11-21T10:58:59.360-05:00 DEBUG 15953 --- [backend-apps] [http-nio-8080-exec-5] org.hibernate.SQL                        : select m1_0.id_propietario,m1_0.id,m1_0.fecha_nacimiento,m1_0.nombre,m1_0.tipo from mascotas m1_0 where m1_0.id_propietario=?
2024-11-21T10:58:59.362-05:00 DEBUG 15953 --- [backend-apps] [http-nio-8080-exec-5] org.hibernate.SQL                        : select m1_0.id_propietario,m1_0.id,m1_0.fecha_nacimiento,m1_0.nombre,m1_0.tipo from mascotas m1_0 where m1_0.id_propietario=?
2024-11-21T10:58:59.365-05:00 DEBUG 15953 --- [backend-apps] [http-nio-8080-exec-5] org.hibernate.SQL                        : select m1_0.id_propietario,m1_0.id,m1_0.fecha_nacimiento,m1_0.nombre,m1_0.tipo from mascotas m1_0 where m1_0.id_propietario=?
2024-11-21T11:01:29.842-05:00  INFO 15953 --- [backend-apps] [SpringApplicationShutdownHook] j.LocalContainerEntityManagerFactoryBean : Closing JPA EntityManagerFactory for persistence unit 'default'
2024-11-21T11:01:29.846-05:00  INFO 15953 --- [backend-apps] [SpringApplicationShutdownHook] com.zaxxer.hikari.HikariDataSource       : HikariPool-1 - Shutdown initiated...
2024-11-21T11:01:29.855-05:00  INFO 15953 --- [backend-apps] [SpringApplicationShutdownHook] com.zaxxer.hikari.HikariDataSource       : HikariPool-1 - Shutdown completed.
2024-11-21T11:01:32.989-05:00  INFO 17182 --- [backend-apps] [restartedMain] c.demo.proyecto.BackendAppsApplication   : Starting BackendAppsApplication using Java 21.0.4 with PID 17182 (/home/felipegr/Documentos/backend-apps/target/classes started by felipegr in /home/felipegr/Documentos/backend-apps)
2024-11-21T11:01:32.992-05:00  INFO 17182 --- [backend-apps] [restartedMain] c.demo.proyecto.BackendAppsApplication   : No active profile set, falling back to 1 default profile: "default"
2024-11-21T11:01:33.046-05:00  INFO 17182 --- [backend-apps] [restartedMain] .e.DevToolsPropertyDefaultsPostProcessor : Devtools property defaults active! Set 'spring.devtools.add-properties' to 'false' to disable
2024-11-21T11:01:33.046-05:00  INFO 17182 --- [backend-apps] [restartedMain] .e.DevToolsPropertyDefaultsPostProcessor : For additional web related logging consider setting the 'logging.level.web' property to 'DEBUG'
2024-11-21T11:01:33.893-05:00  INFO 17182 --- [backend-apps] [restartedMain] .s.d.r.c.RepositoryConfigurationDelegate : Bootstrapping Spring Data JPA repositories in DEFAULT mode.
2024-11-21T11:01:33.962-05:00  INFO 17182 --- [backend-apps] [restartedMain] .s.d.r.c.RepositoryConfigurationDelegate : Finished Spring Data repository scanning in 60 ms. Found 4 JPA repository interfaces.
2024-11-21T11:01:34.537-05:00  INFO 17182 --- [backend-apps] [restartedMain] o.s.b.w.embedded.tomcat.TomcatWebServer  : Tomcat initialized with port 8080 (http)
2024-11-21T11:01:34.549-05:00  INFO 17182 --- [backend-apps] [restartedMain] o.apache.catalina.core.StandardService   : Starting service [Tomcat]
2024-11-21T11:01:34.550-05:00  INFO 17182 --- [backend-apps] [restartedMain] o.apache.catalina.core.StandardEngine    : Starting Servlet engine: [Apache Tomcat/10.1.31]
2024-11-21T11:01:34.585-05:00  INFO 17182 --- [backend-apps] [restartedMain] o.a.c.c.C.[Tomcat].[localhost].[/]       : Initializing Spring embedded WebApplicationContext
2024-11-21T11:01:34.585-05:00  INFO 17182 --- [backend-apps] [restartedMain] w.s.c.ServletWebServerApplicationContext : Root WebApplicationContext: initialization completed in 1538 ms
2024-11-21T11:01:34.743-05:00  INFO 17182 --- [backend-apps] [restartedMain] o.hibernate.jpa.internal.util.LogHelper  : HHH000204: Processing PersistenceUnitInfo [name: default]
2024-11-21T11:01:34.792-05:00  INFO 17182 --- [backend-apps] [restartedMain] org.hibernate.Version                    : HHH000412: Hibernate ORM core version 6.5.3.Final
2024-11-21T11:01:34.816-05:00  INFO 17182 --- [backend-apps] [restartedMain] o.h.c.internal.RegionFactoryInitiator    : HHH000026: Second-level cache disabled
2024-11-21T11:01:35.042-05:00  INFO 17182 --- [backend-apps] [restartedMain] o.s.o.j.p.SpringPersistenceUnitInfo      : No LoadTimeWeaver setup: ignoring JPA class transformer
2024-11-21T11:01:35.067-05:00  INFO 17182 --- [backend-apps] [restartedMain] com.zaxxer.hikari.HikariDataSource       : HikariPool-1 - Starting...
2024-11-21T11:01:35.372-05:00  INFO 17182 --- [backend-apps] [restartedMain] com.zaxxer.hikari.pool.HikariPool        : HikariPool-1 - Added connection com.mysql.cj.jdbc.ConnectionImpl@6b0ec3e7
2024-11-21T11:01:35.374-05:00  INFO 17182 --- [backend-apps] [restartedMain] com.zaxxer.hikari.HikariDataSource       : HikariPool-1 - Start completed.
2024-11-21T11:01:35.412-05:00  WARN 17182 --- [backend-apps] [restartedMain] org.hibernate.orm.deprecation            : HHH90000025: MySQL8Dialect does not need to be specified explicitly using 'hibernate.dialect' (remove the property setting and it will be selected by default)
2024-11-21T11:01:35.413-05:00  WARN 17182 --- [backend-apps] [restartedMain] org.hibernate.orm.deprecation            : HHH90000026: MySQL8Dialect has been deprecated; use org.hibernate.dialect.MySQLDialect instead
2024-11-21T11:01:36.138-05:00  INFO 17182 --- [backend-apps] [restartedMain] o.h.e.t.j.p.i.JtaPlatformInitiator       : HHH000489: No JTA platform available (set 'hibernate.transaction.jta.platform' to enable JTA platform integration)
2024-11-21T11:01:36.212-05:00  INFO 17182 --- [backend-apps] [restartedMain] j.LocalContainerEntityManagerFactoryBean : Initialized JPA EntityManagerFactory for persistence unit 'default'
2024-11-21T11:01:36.677-05:00  WARN 17182 --- [backend-apps] [restartedMain] JpaBaseConfiguration$JpaWebConfiguration : spring.jpa.open-in-view is enabled by default. Therefore, database queries may be performed during view rendering. Explicitly configure spring.jpa.open-in-view to disable this warning
2024-11-21T11:01:37.125-05:00  INFO 17182 --- [backend-apps] [restartedMain] o.s.b.d.a.OptionalLiveReloadServer       : LiveReload server is running on port 35729
2024-11-21T11:01:37.155-05:00  INFO 17182 --- [backend-apps] [restartedMain] o.s.b.w.embedded.tomcat.TomcatWebServer  : Tomcat started on port 8080 (http) with context path '/'
2024-11-21T11:01:37.168-05:00  INFO 17182 --- [backend-apps] [restartedMain] c.demo.proyecto.BackendAppsApplication   : Started BackendAppsApplication in 4.637 seconds (process running for 5.053)
2024-11-21T11:01:46.200-05:00  INFO 17182 --- [backend-apps] [http-nio-8080-exec-1] o.a.c.c.C.[Tomcat].[localhost].[/]       : Initializing Spring DispatcherServlet 'dispatcherServlet'
2024-11-21T11:01:46.200-05:00  INFO 17182 --- [backend-apps] [http-nio-8080-exec-1] o.s.web.servlet.DispatcherServlet        : Initializing Servlet 'dispatcherServlet'
2024-11-21T11:01:46.202-05:00  INFO 17182 --- [backend-apps] [http-nio-8080-exec-1] o.s.web.servlet.DispatcherServlet        : Completed initialization in 2 ms
2024-11-21T11:01:46.363-05:00 DEBUG 17182 --- [backend-apps] [http-nio-8080-exec-1] org.hibernate.SQL                        : select p1_0.id,p1_0.direccion,p1_0.documento,p1_0.nombre,p1_0.nombre_usuario,p1_0.password,p1_0.telefono from propietarios p1_0
2024-11-21T11:01:46.460-05:00 DEBUG 17182 --- [backend-apps] [http-nio-8080-exec-1] org.hibernate.SQL                        : select m1_0.id_propietario,m1_0.id,m1_0.fecha_nacimiento,m1_0.nombre,m1_0.tipo from mascotas m1_0 where m1_0.id_propietario=?
2024-11-21T11:01:46.464-05:00 DEBUG 17182 --- [backend-apps] [http-nio-8080-exec-1] org.hibernate.SQL                        : select m1_0.id_propietario,m1_0.id,m1_0.fecha_nacimiento,m1_0.nombre,m1_0.tipo from mascotas m1_0 where m1_0.id_propietario=?
2024-11-21T11:01:46.468-05:00 DEBUG 17182 --- [backend-apps] [http-nio-8080-exec-1] org.hibernate.SQL                        : select m1_0.id_propietario,m1_0.id,m1_0.fecha_nacimiento,m1_0.nombre,m1_0.tipo from mascotas m1_0 where m1_0.id_propietario=?
2024-11-21T11:01:46.472-05:00 DEBUG 17182 --- [backend-apps] [http-nio-8080-exec-1] org.hibernate.SQL                        : select m1_0.id_propietario,m1_0.id,m1_0.fecha_nacimiento,m1_0.nombre,m1_0.tipo from mascotas m1_0 where m1_0.id_propietario=?
2024-11-21T11:05:49.317-05:00  INFO 17182 --- [backend-apps] [SpringApplicationShutdownHook] j.LocalContainerEntityManagerFactoryBean : Closing JPA EntityManagerFactory for persistence unit 'default'
2024-11-21T11:05:49.320-05:00  INFO 17182 --- [backend-apps] [SpringApplicationShutdownHook] com.zaxxer.hikari.HikariDataSource       : HikariPool-1 - Shutdown initiated...
2024-11-21T11:05:49.326-05:00  INFO 17182 --- [backend-apps] [SpringApplicationShutdownHook] com.zaxxer.hikari.HikariDataSource       : HikariPool-1 - Shutdown completed.
